        Reconditioner Logfile - post_elaborate - mlp_conv2d_top
        _______________________________________________________

ACE -- Achronix CAD Environment -- Version 8.7 -- Build  302850 -- Date 2022-03-17 11:00

Design: mlp_conv2d_top - impl_1 - mlp_conv2d_top
Device: AC7t1500ES0
Generated on Wed Jul 13 15:14:33 CST 2022
Host: OMEN.localdomain

INFO: Cannot push flop(s) into OPIN pin o_error_opin/pin:din. This pad is not marked with the "ace_useioff=1" attribute.
INFO: Disconnected net i_out_fifo.GND from ALU8i pin i_out_fifo.axi_idle_count_3_0_cry_0_0:a[7] because all higher-significance outputs are unused
INFO: Disconnected net i_out_fifo.GND from ALU8i pin i_out_fifo.axi_idle_count_3_0_cry_0_0:b[7] because all higher-significance outputs are unused
INFO: Disconnected net i_in_fifo.GND from ALU8i pin i_in_fifo.wr_addr_cry_0_7_:a[7] because all higher-significance outputs are unused
INFO: Disconnected net i_in_fifo.GND from ALU8i pin i_in_fifo.wr_addr_cry_0_7_:b[7] because all higher-significance outputs are unused
INFO: Disconnected net i_in_fifo.GND from ALU8i pin i_in_fifo.wr_addr_cry_0_7_:a[6] because all higher-significance outputs are unused
INFO: Disconnected net i_in_fifo.GND from ALU8i pin i_in_fifo.wr_addr_cry_0_7_:b[6] because all higher-significance outputs are unused
INFO: Disconnected net i_in_fifo.GND from ALU8i pin i_in_fifo.wr_addr_cry_0_7_:a[5] because all higher-significance outputs are unused
INFO: Disconnected net i_in_fifo.GND from ALU8i pin i_in_fifo.wr_addr_cry_0_7_:b[5] because all higher-significance outputs are unused
INFO: Disconnected net i_in_fifo.GND from ALU8i pin i_in_fifo.wr_addr_cry_0_7_:a[4] because all higher-significance outputs are unused
INFO: Disconnected net i_in_fifo.GND from ALU8i pin i_in_fifo.wr_addr_cry_0_7_:b[4] because all higher-significance outputs are unused
INFO: Disconnected net i_in_fifo.GND from ALU8i pin i_in_fifo.wr_addr_cry_0_7_:a[3] because all higher-significance outputs are unused
INFO: Disconnected net i_in_fifo.GND from ALU8i pin i_in_fifo.wr_addr_cry_0_7_:b[3] because all higher-significance outputs are unused
INFO: Disconnected net i_control.GND from ALU8i pin i_control.nap_in_addr_inc_1_s_15_0:a[7] because all higher-significance outputs are unused
INFO: Disconnected net i_control.GND from ALU8i pin i_control.nap_in_addr_inc_1_s_15_0:b[7] because all higher-significance outputs are unused
INFO: Disconnected net i_control.GND from ALU8i pin i_control.nap_in_addr_inc_1_s_15_0:a[6] because all higher-significance outputs are unused
INFO: Disconnected net i_control.GND from ALU8i pin i_control.nap_in_addr_inc_1_s_15_0:b[6] because all higher-significance outputs are unused
INFO: Disconnected net i_control.GND from ALU8i pin i_control.nap_in_addr_inc_1_s_15_0:a[5] because all higher-significance outputs are unused
INFO: Disconnected net i_control.GND from ALU8i pin i_control.nap_in_addr_inc_1_s_15_0:b[5] because all higher-significance outputs are unused
INFO: Disconnected net i_control.GND from ALU8i pin i_control.nap_in_addr_inc_1_s_15_0:a[4] because all higher-significance outputs are unused
INFO: Disconnected net i_control.GND from ALU8i pin i_control.nap_in_addr_inc_1_s_15_0:b[4] because all higher-significance outputs are unused
INFO: Disconnected net i_control.GND from ALU8i pin i_control.nap_in_addr_inc_1_s_15_0:a[3] because all higher-significance outputs are unused
INFO: Disconnected net i_control.GND from ALU8i pin i_control.nap_in_addr_inc_1_s_15_0:b[3] because all higher-significance outputs are unused
INFO: Disconnected net i_control.GND from ALU8i pin i_control.nap_in_addr_inc_1_s_15_0:a[2] because all higher-significance outputs are unused
INFO: Disconnected net i_control.GND from ALU8i pin i_control.nap_in_addr_inc_1_s_15_0:b[2] because all higher-significance outputs are unused
INFO: Disconnected net i_control.GND from ALU8i pin i_control.nap_in_addr_inc_1_s_15_0:a[1] because all higher-significance outputs are unused
INFO: Disconnected net i_control.GND from ALU8i pin i_control.nap_in_addr_inc_1_s_15_0:b[1] because all higher-significance outputs are unused
INFO: Disconnected net i_control.GND from ALU8i pin i_control.un1_matrix_v_start_next_cry_10_0:a[7] because all higher-significance outputs are unused
INFO: Disconnected net i_control.GND from ALU8i pin i_control.un1_matrix_v_start_next_cry_10_0:b[7] because all higher-significance outputs are unused
INFO: Disconnected net i_control.GND from ALU8i pin i_control.un1_matrix_v_start_next_cry_10_0:a[6] because all higher-significance outputs are unused
INFO: Disconnected net i_control.GND from ALU8i pin i_control.un1_matrix_v_start_next_cry_10_0:b[6] because all higher-significance outputs are unused
INFO: Disconnected net i_control.GND from ALU8i pin i_control.un1_matrix_v_start_next_cry_10_0:a[5] because all higher-significance outputs are unused
INFO: Disconnected net i_control.GND from ALU8i pin i_control.un1_matrix_v_start_next_cry_10_0:b[5] because all higher-significance outputs are unused
INFO: Disconnected net i_control.GND from ALU8i pin i_control.un1_matrix_v_start_next_cry_10_0:a[4] because all higher-significance outputs are unused
INFO: Disconnected net i_control.GND from ALU8i pin i_control.un1_matrix_v_start_next_cry_10_0:b[4] because all higher-significance outputs are unused
INFO: Disconnected net i_control.GND from ALU8i pin i_control.un1_matrix_v_start_next_cry_10_0:a[3] because all higher-significance outputs are unused
INFO: Disconnected net i_control.GND from ALU8i pin i_control.un1_matrix_v_start_next_cry_10_0:b[3] because all higher-significance outputs are unused
INFO: Disconnected net i_control.GND from ALU8i pin i_control.un1_matrix_v_start_next_cry_10_0:a[2] because all higher-significance outputs are unused
INFO: Disconnected net i_control.GND from ALU8i pin i_control.un1_matrix_v_start_next_cry_10_0:b[2] because all higher-significance outputs are unused
INFO: Disconnected net i_control.GND from ALU8i pin i_control.un1_line_read_num_next_cry_10_0:a[7] because all higher-significance outputs are unused
INFO: Disconnected net i_control.GND from ALU8i pin i_control.un1_line_read_num_next_cry_10_0:b[7] because all higher-significance outputs are unused
INFO: Disconnected net i_control.GND from ALU8i pin i_control.un1_line_read_num_next_cry_10_0:a[6] because all higher-significance outputs are unused
INFO: Disconnected net i_control.GND from ALU8i pin i_control.un1_line_read_num_next_cry_10_0:b[6] because all higher-significance outputs are unused
INFO: Disconnected net i_control.GND from ALU8i pin i_control.un1_line_read_num_next_cry_10_0:a[5] because all higher-significance outputs are unused
INFO: Disconnected net i_control.GND from ALU8i pin i_control.un1_line_read_num_next_cry_10_0:b[5] because all higher-significance outputs are unused
INFO: Disconnected net i_control.GND from ALU8i pin i_control.un1_line_read_num_next_cry_10_0:a[4] because all higher-significance outputs are unused
INFO: Disconnected net i_control.GND from ALU8i pin i_control.un1_line_read_num_next_cry_10_0:b[4] because all higher-significance outputs are unused
INFO: Disconnected net i_control.GND from ALU8i pin i_control.un1_line_read_num_next_cry_10_0:a[3] because all higher-significance outputs are unused
INFO: Disconnected net i_control.GND from ALU8i pin i_control.un1_line_read_num_next_cry_10_0:b[3] because all higher-significance outputs are unused
INFO: Disconnected net i_control.GND from ALU8i pin i_control.un1_line_read_num_next_cry_10_0:a[2] because all higher-significance outputs are unused
INFO: Disconnected net i_control.GND from ALU8i pin i_control.un1_line_read_num_next_cry_10_0:b[2] because all higher-significance outputs are unused
INFO: Disconnected net i_control.GND from ALU8i pin i_control.bram_wr_addr_cry_0_7_:a[7] because all higher-significance outputs are unused
INFO: Disconnected net i_control.GND from ALU8i pin i_control.bram_wr_addr_cry_0_7_:b[7] because all higher-significance outputs are unused
INFO: Disconnected net i_control.GND from ALU8i pin i_control.bram_wr_addr_cry_0_7_:a[6] because all higher-significance outputs are unused
INFO: Disconnected net i_control.GND from ALU8i pin i_control.bram_wr_addr_cry_0_7_:b[6] because all higher-significance outputs are unused
INFO: Disconnected net i_control.GND from ALU8i pin i_control.bram_wr_addr_cry_0_7_:a[5] because all higher-significance outputs are unused
INFO: Disconnected net i_control.GND from ALU8i pin i_control.bram_wr_addr_cry_0_7_:b[5] because all higher-significance outputs are unused
INFO: Disconnected net i_control.GND from ALU8i pin i_control.bram_wr_addr_cry_0_7_:a[4] because all higher-significance outputs are unused
INFO: Disconnected net i_control.GND from ALU8i pin i_control.bram_wr_addr_cry_0_7_:b[4] because all higher-significance outputs are unused
INFO: Disconnected net i_control.GND from ALU8i pin i_control.bram_wr_addr_cry_0_7_:a[3] because all higher-significance outputs are unused
INFO: Disconnected net i_control.GND from ALU8i pin i_control.bram_wr_addr_cry_0_7_:b[3] because all higher-significance outputs are unused
INFO: Disconnected net i_control.GND from ALU8i pin i_control.bram_sel_cry_0_0_:a[7] because all higher-significance outputs are unused
INFO: Disconnected net i_control.GND from ALU8i pin i_control.bram_sel_cry_0_0_:b[7] because all higher-significance outputs are unused
INFO: Disconnected net i_control.GND from ALU8i pin i_control.bram_sel_cry_0_0_:a[6] because all higher-significance outputs are unused
INFO: Disconnected net i_control.GND from ALU8i pin i_control.bram_sel_cry_0_0_:b[6] because all higher-significance outputs are unused
INFO: Disconnected net i_control.GND from ALU8i pin i_control.un4_in_fifo_rd_addr_cry_8_0:a[7] because all higher-significance outputs are unused
INFO: Disconnected net i_control.GND from ALU8i pin i_control.un4_in_fifo_rd_addr_cry_8_0:b[7] because all higher-significance outputs are unused
INFO: Disconnected net i_control.GND from ALU8i pin i_control.un4_in_fifo_rd_addr_cry_8_0:a[6] because all higher-significance outputs are unused
INFO: Disconnected net i_control.GND from ALU8i pin i_control.un4_in_fifo_rd_addr_cry_8_0:b[6] because all higher-significance outputs are unused
INFO: Disconnected net i_control.GND from ALU8i pin i_control.un4_in_fifo_rd_addr_cry_8_0:a[5] because all higher-significance outputs are unused
INFO: Disconnected net i_control.GND from ALU8i pin i_control.un4_in_fifo_rd_addr_cry_8_0:b[5] because all higher-significance outputs are unused
INFO: Disconnected net i_control.GND from ALU8i pin i_control.un4_in_fifo_rd_addr_cry_8_0:a[4] because all higher-significance outputs are unused
INFO: Disconnected net i_control.GND from ALU8i pin i_control.un4_in_fifo_rd_addr_cry_8_0:b[4] because all higher-significance outputs are unused
INFO: Disconnected net i_control.GND from ALU8i pin i_control.un4_in_fifo_rd_addr_cry_8_0:a[3] because all higher-significance outputs are unused
INFO: Disconnected net i_control.GND from ALU8i pin i_control.un4_in_fifo_rd_addr_cry_8_0:b[3] because all higher-significance outputs are unused
INFO: Disconnected net i_control.GND from ALU8i pin i_control.un4_in_fifo_rd_addr_cry_8_0:a[2] because all higher-significance outputs are unused
INFO: Disconnected net i_control.GND from ALU8i pin i_control.un4_in_fifo_rd_addr_cry_8_0:b[2] because all higher-significance outputs are unused
INFO: Disconnected net i_control.GND from ALU8i pin i_control.un1_lines_to_load_ps_m1_cry_8_0:a[7] because all higher-significance outputs are unused
INFO: Disconnected net i_control.GND from ALU8i pin i_control.un1_lines_to_load_ps_m1_cry_8_0:b[7] because all higher-significance outputs are unused
INFO: Disconnected net i_control.GND from ALU8i pin i_control.un1_lines_to_load_ps_m1_cry_8_0:a[6] because all higher-significance outputs are unused
INFO: Disconnected net i_control.GND from ALU8i pin i_control.un1_lines_to_load_ps_m1_cry_8_0:b[6] because all higher-significance outputs are unused
INFO: Disconnected net i_control.GND from ALU8i pin i_control.un1_lines_to_load_ps_m1_cry_8_0:a[5] because all higher-significance outputs are unused
INFO: Disconnected net i_control.GND from ALU8i pin i_control.un1_lines_to_load_ps_m1_cry_8_0:b[5] because all higher-significance outputs are unused
INFO: Disconnected net i_control.GND from ALU8i pin i_control.un1_lines_to_load_ps_m1_cry_8_0:a[4] because all higher-significance outputs are unused
INFO: Disconnected net i_control.GND from ALU8i pin i_control.un1_lines_to_load_ps_m1_cry_8_0:b[4] because all higher-significance outputs are unused
INFO: Disconnected net i_control.GND from ALU8i pin i_control.un1_lines_to_load_ps_cry_10_0:a[7] because all higher-significance outputs are unused
INFO: Disconnected net i_control.GND from ALU8i pin i_control.un1_lines_to_load_ps_cry_10_0:b[7] because all higher-significance outputs are unused
INFO: Disconnected net i_control.GND from ALU8i pin i_control.un1_lines_to_load_ps_cry_10_0:a[6] because all higher-significance outputs are unused
INFO: Disconnected net i_control.GND from ALU8i pin i_control.un1_lines_to_load_ps_cry_10_0:b[6] because all higher-significance outputs are unused
INFO: Disconnected net i_control.GND from ALU8i pin i_control.un1_lines_to_load_ps_cry_10_0:a[5] because all higher-significance outputs are unused
INFO: Disconnected net i_control.GND from ALU8i pin i_control.un1_lines_to_load_ps_cry_10_0:b[5] because all higher-significance outputs are unused
INFO: Disconnected net i_control.GND from ALU8i pin i_control.un1_lines_to_load_ps_cry_10_0:a[4] because all higher-significance outputs are unused
INFO: Disconnected net i_control.GND from ALU8i pin i_control.un1_lines_to_load_ps_cry_10_0:b[4] because all higher-significance outputs are unused
INFO: Disconnected net i_control.GND from ALU8i pin i_control.un1_lines_to_load_ps_cry_10_0:a[3] because all higher-significance outputs are unused
INFO: Disconnected net i_control.GND from ALU8i pin i_control.un1_lines_to_load_ps_cry_10_0:b[3] because all higher-significance outputs are unused
INFO: Disconnected net i_control.GND from ALU8i pin i_control.un1_lines_to_load_ps_cry_10_0:a[2] because all higher-significance outputs are unused
INFO: Disconnected net i_control.GND from ALU8i pin i_control.un1_lines_to_load_ps_cry_10_0:b[2] because all higher-significance outputs are unused
INFO: Disconnected net i_control.GND from ALU8i pin i_control.lines_to_load_m1_1_cry_8_0:a[7] because all higher-significance outputs are unused
INFO: Disconnected net i_control.GND from ALU8i pin i_control.lines_to_load_m1_1_cry_8_0:b[7] because all higher-significance outputs are unused
INFO: Disconnected net i_control.GND from ALU8i pin i_control.lines_to_load_m1_1_cry_8_0:a[6] because all higher-significance outputs are unused
INFO: Disconnected net i_control.GND from ALU8i pin i_control.lines_to_load_m1_1_cry_8_0:b[6] because all higher-significance outputs are unused
INFO: Disconnected net i_control.GND from ALU8i pin i_control.lines_to_load_m1_1_cry_8_0:a[5] because all higher-significance outputs are unused
INFO: Disconnected net i_control.GND from ALU8i pin i_control.lines_to_load_m1_1_cry_8_0:b[5] because all higher-significance outputs are unused
INFO: Disconnected net i_control.GND from ALU8i pin i_control.lines_to_load_m1_1_cry_8_0:a[4] because all higher-significance outputs are unused
INFO: Disconnected net i_control.GND from ALU8i pin i_control.lines_to_load_m1_1_cry_8_0:b[4] because all higher-significance outputs are unused
INFO: Disconnected net i_control.GND from ALU8i pin i_control.un2_matrix_h_start_next_cry_8_0:a[7] because all higher-significance outputs are unused
INFO: Disconnected net i_control.GND from ALU8i pin i_control.un2_matrix_h_start_next_cry_8_0:b[7] because all higher-significance outputs are unused
INFO: Disconnected net i_control.GND from ALU8i pin i_control.un2_matrix_h_start_next_cry_8_0:a[6] because all higher-significance outputs are unused
INFO: Disconnected net i_control.GND from ALU8i pin i_control.un2_matrix_h_start_next_cry_8_0:b[6] because all higher-significance outputs are unused
INFO: Disconnected net i_control.GND from ALU8i pin i_control.un2_matrix_h_start_next_cry_8_0:a[5] because all higher-significance outputs are unused
INFO: Disconnected net i_control.GND from ALU8i pin i_control.un2_matrix_h_start_next_cry_8_0:b[5] because all higher-significance outputs are unused
INFO: Disconnected net i_control.GND from ALU8i pin i_control.un2_matrix_h_start_next_cry_8_0:a[4] because all higher-significance outputs are unused
INFO: Disconnected net i_control.GND from ALU8i pin i_control.un2_matrix_h_start_next_cry_8_0:b[4] because all higher-significance outputs are unused
INFO: Disconnected net i_control.GND from ALU8i pin i_control.lines_to_go_dec_1_cry_8_0:a[7] because all higher-significance outputs are unused
INFO: Disconnected net i_control.GND from ALU8i pin i_control.lines_to_go_dec_1_cry_8_0:b[7] because all higher-significance outputs are unused
INFO: Disconnected net i_control.GND from ALU8i pin i_control.lines_to_go_dec_1_cry_8_0:a[6] because all higher-significance outputs are unused
INFO: Disconnected net i_control.GND from ALU8i pin i_control.lines_to_go_dec_1_cry_8_0:b[6] because all higher-significance outputs are unused
INFO: Disconnected net i_control.GND from ALU8i pin i_control.lines_to_go_dec_1_cry_8_0:a[5] because all higher-significance outputs are unused
INFO: Disconnected net i_control.GND from ALU8i pin i_control.lines_to_go_dec_1_cry_8_0:b[5] because all higher-significance outputs are unused
INFO: Disconnected net i_control.GND from ALU8i pin i_control.lines_to_go_dec_1_cry_8_0:a[4] because all higher-significance outputs are unused
INFO: Disconnected net i_control.GND from ALU8i pin i_control.lines_to_go_dec_1_cry_8_0:b[4] because all higher-significance outputs are unused
INFO: Disconnected net i_control.GND from ALU8i pin i_control.un1_in_fifo_rd_addr_6_cry_3_0:a[7] because all higher-significance outputs are unused
INFO: Disconnected net i_control.GND from ALU8i pin i_control.un1_in_fifo_rd_addr_6_cry_3_0:b[7] because all higher-significance outputs are unused
INFO: Disconnected net i_control.GND from ALU8i pin i_control.un1_in_fifo_rd_addr_6_4_cry_8_0:a[7] because all higher-significance outputs are unused
INFO: Disconnected net i_control.GND from ALU8i pin i_control.un1_in_fifo_rd_addr_6_4_cry_8_0:b[7] because all higher-significance outputs are unused
INFO: Disconnected net i_control.GND from ALU8i pin i_control.un1_in_fifo_rd_addr_6_4_cry_8_0:a[6] because all higher-significance outputs are unused
INFO: Disconnected net i_control.GND from ALU8i pin i_control.un1_in_fifo_rd_addr_6_4_cry_8_0:b[6] because all higher-significance outputs are unused
INFO: Disconnected net i_control.GND from ALU8i pin i_control.un1_in_fifo_rd_addr_6_4_cry_8_0:a[5] because all higher-significance outputs are unused
INFO: Disconnected net i_control.GND from ALU8i pin i_control.un1_in_fifo_rd_addr_6_4_cry_8_0:b[5] because all higher-significance outputs are unused
INFO: Disconnected net i_control.GND from ALU8i pin i_control.un1_in_fifo_rd_addr_6_4_cry_8_0:a[4] because all higher-significance outputs are unused
INFO: Disconnected net i_control.GND from ALU8i pin i_control.un1_in_fifo_rd_addr_6_4_cry_8_0:b[4] because all higher-significance outputs are unused
INFO: Disconnected net i_control.GND from ALU8i pin i_control.un1_in_fifo_rd_addr_6_4_cry_8_0:a[3] because all higher-significance outputs are unused
INFO: Disconnected net i_control.GND from ALU8i pin i_control.un1_in_fifo_rd_addr_6_4_cry_8_0:b[3] because all higher-significance outputs are unused
INFO: Disconnected net i_control.GND from ALU8i pin i_control.un1_in_fifo_rd_addr_6_4_cry_8_0:a[2] because all higher-significance outputs are unused
INFO: Disconnected net i_control.GND from ALU8i pin i_control.un1_in_fifo_rd_addr_6_4_cry_8_0:b[2] because all higher-significance outputs are unused
INFO: Disconnected net i_control.GND from ALU8i pin i_control.un1_in_fifo_rd_addr_cry_8_0:a[7] because all higher-significance outputs are unused
INFO: Disconnected net i_control.GND from ALU8i pin i_control.un1_in_fifo_rd_addr_cry_8_0:b[7] because all higher-significance outputs are unused
INFO: Disconnected net i_control.GND from ALU8i pin i_control.un1_in_fifo_rd_addr_cry_8_0:a[6] because all higher-significance outputs are unused
INFO: Disconnected net i_control.GND from ALU8i pin i_control.un1_in_fifo_rd_addr_cry_8_0:b[6] because all higher-significance outputs are unused
INFO: Disconnected net i_control.GND from ALU8i pin i_control.un1_in_fifo_rd_addr_cry_8_0:a[5] because all higher-significance outputs are unused
INFO: Disconnected net i_control.GND from ALU8i pin i_control.un1_in_fifo_rd_addr_cry_8_0:b[5] because all higher-significance outputs are unused
INFO: Disconnected net i_control.GND from ALU8i pin i_control.un1_in_fifo_rd_addr_cry_8_0:a[4] because all higher-significance outputs are unused
INFO: Disconnected net i_control.GND from ALU8i pin i_control.un1_in_fifo_rd_addr_cry_8_0:b[4] because all higher-significance outputs are unused
INFO: Disconnected net i_control.GND from ALU8i pin i_control.un1_in_fifo_rd_addr_cry_8_0:a[3] because all higher-significance outputs are unused
INFO: Disconnected net i_control.GND from ALU8i pin i_control.un1_in_fifo_rd_addr_cry_8_0:b[3] because all higher-significance outputs are unused
INFO: Disconnected net i_control.GND from ALU8i pin i_control.un1_in_fifo_rd_addr_cry_8_0:a[2] because all higher-significance outputs are unused
INFO: Disconnected net i_control.GND from ALU8i pin i_control.un1_in_fifo_rd_addr_cry_8_0:b[2] because all higher-significance outputs are unused
INFO: Disconnected net i_control.GND from ALU8i pin i_control.un1_in_fifo_rd_addr_4_cry_3_0:a[7] because all higher-significance outputs are unused
INFO: Disconnected net i_control.VCC from ALU8i pin i_control.un1_in_fifo_rd_addr_4_cry_3_0:b[7] because all higher-significance outputs are unused
