        Reconditioner Logfile - post_mapping - noc_2d_ref_design_top
        ____________________________________________________________

ACE -- Achronix CAD Environment -- Version 8.7 -- Build  302850 -- Date 2022-03-17 11:00

Design: noc_2d_ref_design_top - impl_1 - noc_2d_ref_design_top
Device: AC7t1500ES0
Generated on Wed Jul 13 15:36:52 CST 2022
Host: OMEN.localdomain

INFO: Disconnected unnecessary SOURCE1_T Vdd_src1_1 from LUT6_T i_reg_control_block.axi_master_if.rlast_reset_or_RR_RULE1_/pin:din4
INFO: Disconnected unnecessary SOURCE1_T Vdd_src1_1 from LUT6_T i_reg_control_block.axi_master_if.rlast_reset_or_RR_RULE1_/pin:din5
INFO: Disconnected unnecessary SOURCE1_T Vdd_src1_1 from LUT6_T i_reg_control_block.new_write_ret_0.LUT_RST_RR_RULE1_/pin:din5
INFO: Disconnected unnecessary SOURCE1_T Vdd_src1_1 from LUT6_T i_ds_row_pkt_gen.if_data_stream_valid_ret_0_mod_0_.LUT_RST_RR_RULE1_/pin:din4
INFO: Disconnected unnecessary SOURCE1_T Vdd_src1_1 from LUT6_T i_ds_row_pkt_gen.if_data_stream_valid_ret_0_mod_0_.LUT_RST_RR_RULE1_/pin:din5
INFO: Disconnected unnecessary SOURCE1_T Vdd_src1_1 from LUT6_T i_axi_bram_rsp.axi_if_mas.rlast.LUT_RST_RR_RULE1__RR_RULE1_/pin:din4
INFO: Disconnected unnecessary SOURCE1_T Vdd_src1_1 from LUT6_T i_axi_bram_rsp.axi_if_mas.rlast.LUT_RST_RR_RULE1__RR_RULE1_/pin:din5
INFO: Converted SOURCE1_T instance Vdd_src1_1 into constant LUT6_T (correcting SOURCE to TIEOFF_none data pin connection): Vdd_src1_1const1_RR4_0/pin:dout -> net:src1_1_DUP_RR4_0 -> DFFER_T:d
INFO: Converted SOURCE1_T instance Vdd_src1_1 into constant LUT6_T (correcting SOURCE to TIEOFF_none data pin connection): Vdd_src1_1const1_RR4_1/pin:dout -> net:src1_1_DUP_RR4_1 -> DFFER_T:d
INFO: Converted SOURCE1_T instance Vdd_src1_1 into constant LUT6_T (correcting SOURCE to TIEOFF_none data pin connection): Vdd_src1_1const1_RR4_2/pin:dout -> net:src1_1_DUP_RR4_2 -> DFF_T:d
INFO: Converted SOURCE1_T instance Vdd_src1_1 into constant LUT6_T (correcting SOURCE to TIEOFF_none data pin connection): Vdd_src1_1const1_RR4_3/pin:dout -> net:src1_1_DUP_RR4_3 -> DFFR_T:d
INFO: Converted SOURCE1_T instance Vdd_src1_1 into constant LUT6_T (correcting SOURCE to TIEOFF_none data pin connection): Vdd_src1_1const1_RR4_4/pin:dout -> net:src1_1_DUP_RR4_4 -> DFFER_T:d
INFO: Converted SOURCE1_T instance Vdd_src1_1 into constant LUT6_T (correcting SOURCE to TIEOFF_none data pin connection): Vdd_src1_1const1_RR4_5/pin:dout -> net:src1_1_DUP_RR4_5 -> DFFER_T:d
INFO: Converted SOURCE1_T instance Vdd_src1_1 into constant LUT6_T (correcting SOURCE to TIEOFF_none data pin connection): Vdd_src1_1const1_RR4_6/pin:dout -> net:src1_1_DUP_RR4_6 -> DFFR_T:d
INFO: Converted SOURCE1_T instance Vdd_src1_1 into constant LUT6_T (correcting SOURCE to TIEOFF_none data pin connection): Vdd_src1_1const1_RR4_7/pin:dout -> net:src1_1_DUP_RR4_7 -> DFFR_T:d
INFO: Converted SOURCE1_T instance Vdd_src1_1 into constant LUT6_T (correcting SOURCE to TIEOFF_none data pin connection): Vdd_src1_1const1_RR4_8/pin:dout -> net:src1_1_DUP_RR4_8 -> DFFR_T:d
INFO: Converted SOURCE1_T instance Vdd_src1_1 into constant LUT6_T (correcting SOURCE to TIEOFF_none data pin connection): Vdd_src1_1const1_RR4_9/pin:dout -> net:src1_1_DUP_RR4_9 -> DFFER_T:d
INFO: Converted SOURCE1_T instance Vdd_src1_1 into constant LUT6_T (correcting SOURCE to TIEOFF_none data pin connection): Vdd_src1_1const1_RR4_10/pin:dout -> net:src1_1_DUP_RR4_10 -> DFFER_T:d
INFO: Converted SOURCE1_T instance Vdd_src1_1 into constant LUT6_T (correcting SOURCE to TIEOFF_none data pin connection): Vdd_src1_1const1_RR4_11/pin:dout -> net:src1_1_DUP_RR4_11 -> OPIN_T:din
INFO: Converted SOURCE1_T instance Vdd_src1_1 into constant LUT6_T (correcting SOURCE to TIEOFF_none data pin connection): Vdd_src1_1const1_RR4_12/pin:dout -> net:src1_1_DUP_RR4_12 -> OPIN_T:din
INFO: Converted SOURCE1_T instance Vdd_src1_1 into constant LUT6_T (correcting SOURCE to TIEOFF_none data pin connection): Vdd_src1_1const1_RR4_13/pin:dout -> net:src1_1_DUP_RR4_13 -> OPIN_T:din
INFO: Converted SOURCE1_T instance Vdd_src1_1 into constant LUT6_T (correcting SOURCE to TIEOFF_none data pin connection): Vdd_src1_1const1_RR4_14/pin:dout -> net:src1_1_DUP_RR4_14 -> OPIN_T:din
INFO: Converted SOURCE1_T instance Vdd_src1_1 into constant LUT6_T (correcting SOURCE to TIEOFF_none data pin connection): Vdd_src1_1const1_RR4_15/pin:dout -> net:src1_1_DUP_RR4_15 -> OPIN_T:din
INFO: Converted SOURCE1_T instance Vdd_src1_1 into constant LUT6_T (correcting SOURCE to TIEOFF_none data pin connection): Vdd_src1_1const1_RR4_16/pin:dout -> net:src1_1_DUP_RR4_16 -> OPIN_T:din
INFO: Converted SOURCE1_T instance Vdd_src1_1 into constant LUT6_T (correcting SOURCE to TIEOFF_none data pin connection): Vdd_src1_1const1_RR4_17/pin:dout -> net:src1_1_DUP_RR4_17 -> OPIN_T:din
INFO: Converted SOURCE1_T instance Vdd_src1_1 into constant LUT6_T (correcting SOURCE to TIEOFF_none data pin connection): Vdd_src1_1const1_RR4_18/pin:dout -> net:src1_1_DUP_RR4_18 -> OPIN_T:din
INFO: Converted SOURCE1_T instance Vdd_src1_1 into constant LUT6_T (correcting SOURCE to TIEOFF_none data pin connection): Vdd_src1_1const1_RR4_19/pin:dout -> net:src1_1_DUP_RR4_19 -> OPIN_T:din
INFO: Converted SOURCE1_T instance Vdd_src1_1 into constant LUT6_T (correcting SOURCE to TIEOFF_none data pin connection): Vdd_src1_1const1_RR4_20/pin:dout -> net:src1_1_DUP_RR4_20 -> OPIN_T:din
INFO: Converted SOURCE1_T instance Vdd_src1_1 into constant LUT6_T (correcting SOURCE to TIEOFF_none data pin connection): Vdd_src1_1const1_RR4_21/pin:dout -> net:src1_1_DUP_RR4_21 -> OPIN_T:din
INFO: Converted SOURCE1_T instance Vdd_src1_1 into constant LUT6_T (correcting SOURCE to TIEOFF_none data pin connection): Vdd_src1_1const1_RR4_22/pin:dout -> net:src1_1_DUP_RR4_22 -> OPIN_T:din
INFO: Converted SOURCE1_T instance Vdd_src1_1 into constant LUT6_T (correcting SOURCE to TIEOFF_none data pin connection): Vdd_src1_1const1_RR4_23/pin:dout -> net:src1_1_DUP_RR4_23 -> OPIN_T:din
INFO: Converted SOURCE1_T instance Vdd_src1_1 into constant LUT6_T (correcting SOURCE to TIEOFF_none data pin connection): Vdd_src1_1const1_RR4_24/pin:dout -> net:src1_1_DUP_RR4_24 -> OPIN_T:din
INFO: Converted SOURCE1_T instance Vdd_src1_1 into constant LUT6_T (correcting SOURCE to TIEOFF_none data pin connection): Vdd_src1_1const1_RR4_25/pin:dout -> net:src1_1_DUP_RR4_25 -> OPIN_T:din
INFO: Converted SOURCE1_T instance Vdd_src1_1 into constant LUT6_T (correcting SOURCE to TIEOFF_none data pin connection): Vdd_src1_1const1_RR4_26/pin:dout -> net:src1_1_DUP_RR4_26 -> OPIN_T:din
INFO: Converted SOURCE1_T instance Vdd_src1_1 into constant LUT6_T (correcting SOURCE to TIEOFF_none data pin connection): Vdd_src1_1const1_RR4_27/pin:dout -> net:src1_1_DUP_RR4_27 -> OPIN_T:din
INFO: Converted SOURCE1_T instance Vdd_src1_1 into constant LUT6_T (correcting SOURCE to TIEOFF_none data pin connection): Vdd_src1_1const1_RR4_28/pin:dout -> net:src1_1_DUP_RR4_28 -> OPIN_T:din
INFO: Converted SOURCE1_T instance Vdd_src1_1 into constant LUT6_T (correcting SOURCE to TIEOFF_none data pin connection): Vdd_src1_1const1_RR4_29/pin:dout -> net:src1_1_DUP_RR4_29 -> OPIN_T:din
INFO: Converted SOURCE1_T instance Vdd_src1_1 into constant LUT6_T (correcting SOURCE to TIEOFF_none data pin connection): Vdd_src1_1const1_RR4_30/pin:dout -> net:src1_1_DUP_RR4_30 -> OPIN_T:din
INFO: Converted SOURCE1_T instance Vdd_src1_1 into constant LUT6_T (correcting SOURCE to TIEOFF_none data pin connection): Vdd_src1_1const1_RR4_31/pin:dout -> net:src1_1_DUP_RR4_31 -> OPIN_T:din
INFO: Converted SOURCE1_T instance Vdd_src1_1 into constant LUT6_T (correcting SOURCE to TIEOFF_none data pin connection): Vdd_src1_1const1_RR4_32/pin:dout -> net:src1_1_DUP_RR4_32 -> OPIN_T:din
INFO: Converted SOURCE1_T instance Vdd_src1_1 into constant LUT6_T (correcting SOURCE to TIEOFF_none data pin connection): Vdd_src1_1const1_RR4_33/pin:dout -> net:src1_1_DUP_RR4_33 -> OPIN_T:din
INFO: Converted SOURCE1_T instance Vdd_src1_1 into constant LUT6_T (correcting SOURCE to TIEOFF_none data pin connection): Vdd_src1_1const1_RR4_34/pin:dout -> net:src1_1_DUP_RR4_34 -> OPIN_T:din
INFO: Converted SOURCE1_T instance Vdd_src1_1 into constant LUT6_T (correcting SOURCE to TIEOFF_none data pin connection): Vdd_src1_1const1_RR4_35/pin:dout -> net:src1_1_DUP_RR4_35 -> OPIN_T:din
INFO: Converted SOURCE1_T instance Vdd_src1_1 into constant LUT6_T (correcting SOURCE to TIEOFF_none data pin connection): Vdd_src1_1const1_RR4_36/pin:dout -> net:src1_1_DUP_RR4_36 -> OPIN_T:din
INFO: Converted SOURCE1_T instance Vdd_src1_1 into constant LUT6_T (correcting SOURCE to TIEOFF_none data pin connection): Vdd_src1_1const1_RR4_37/pin:dout -> net:src1_1_DUP_RR4_37 -> OPIN_T:din
INFO: Converted SOURCE1_T instance Vdd_src1_1 into constant LUT6_T (correcting SOURCE to TIEOFF_none data pin connection): Vdd_src1_1const1_RR4_38/pin:dout -> net:src1_1_DUP_RR4_38 -> OPIN_T:din
INFO: Converted SOURCE1_T instance Vdd_src1_1 into constant LUT6_T (correcting SOURCE to TIEOFF_none data pin connection): Vdd_src1_1const1_RR4_39/pin:dout -> net:src1_1_DUP_RR4_39 -> OPIN_T:din
INFO: Converted SOURCE1_T instance Vdd_src1_1 into constant LUT6_T (correcting SOURCE to TIEOFF_none data pin connection): Vdd_src1_1const1_RR4_40/pin:dout -> net:src1_1_DUP_RR4_40 -> OPIN_T:din
INFO: Converted SOURCE1_T instance Vdd_src1_1 into constant LUT6_T (correcting SOURCE to TIEOFF_none data pin connection): Vdd_src1_1const1_RR4_41/pin:dout -> net:src1_1_DUP_RR4_41 -> OPIN_T:din
