        Reconditioner Logfile - post_elaborate - noc_2d_ref_design_top
        ______________________________________________________________

ACE -- Achronix CAD Environment -- Version 8.7 -- Build  302850 -- Date 2022-03-17 11:00

Design: noc_2d_ref_design_top - impl_1 - noc_2d_ref_design_top
Device: AC7t1500ES0
Generated on Wed Jul 13 15:36:38 CST 2022
Host: OMEN.localdomain

INFO: Cannot push flop(s) into OPIN pin led_l[0]_opin/pin:din. This pad is not marked with the "ace_useioff=1" attribute.
INFO: Cannot push flop(s) into OPIN pin led_l[1]_opin/pin:din. This pad is not marked with the "ace_useioff=1" attribute.
INFO: Cannot push flop(s) into OPIN pin led_l[2]_opin/pin:din. This pad is not marked with the "ace_useioff=1" attribute.
INFO: Cannot push flop(s) into OPIN pin led_l[3]_opin/pin:din. This pad is not marked with the "ace_useioff=1" attribute.
INFO: Cannot push flop(s) into OPIN pin led_l[4]_opin/pin:din. This pad is not marked with the "ace_useioff=1" attribute.
INFO: Cannot push flop(s) into OPIN pin led_l[5]_opin/pin:din. This pad is not marked with the "ace_useioff=1" attribute.
INFO: Cannot push flop(s) into OPIN pin led_l[6]_opin/pin:din. This pad is not marked with the "ace_useioff=1" attribute.
INFO: Cannot push flop(s) into OPIN pin led_l[7]_opin/pin:din. This pad is not marked with the "ace_useioff=1" attribute.
INFO: Cannot push flop(s) into IPIN pin pll_chk_clk_lock_ipin/pin:dout. One or more fanouts blocks a direct flop-to-IO Pin connection.
    example: DFFR i_reset_processor_reg.gb_sync_inputs_gb_per_input_0__x_sync.x_ff1/pin:rn (driver = IPIN pll_chk_clk_lock_ipin/pin:dout)
INFO: Cannot push flop(s) into IPIN pin pll_chk_clk_lock_ipin/pin:dout. This pad is not marked with the "ace_useioff=1" attribute.
INFO: Cannot push flop(s) into IPIN pin pll_send_clk_lock_ipin/pin:dout. One or more fanouts blocks a direct flop-to-IO Pin connection.
    example: DFFR i_reset_processor_reg.gb_sync_inputs_gb_per_input_1__x_sync.x_ff1/pin:rn (driver = IPIN pll_send_clk_lock_ipin/pin:dout)
INFO: Cannot push flop(s) into IPIN pin pll_send_clk_lock_ipin/pin:dout. This pad is not marked with the "ace_useioff=1" attribute.
INFO: Disconnected net i_axi_pkt_chk.GND from ALU8i pin i_axi_pkt_chk.data_match_2_3_0_I_115_0:a[7] because all higher-significance outputs are unused
INFO: Disconnected net i_axi_pkt_chk.GND from ALU8i pin i_axi_pkt_chk.data_match_2_3_0_I_115_0:b[7] because all higher-significance outputs are unused
INFO: Disconnected net i_axi_pkt_chk.GND from ALU8i pin i_axi_pkt_chk.data_match_2_2_0_I_115_0:a[7] because all higher-significance outputs are unused
INFO: Disconnected net i_axi_pkt_chk.GND from ALU8i pin i_axi_pkt_chk.data_match_2_2_0_I_115_0:b[7] because all higher-significance outputs are unused
INFO: Disconnected net i_axi_pkt_chk.GND from ALU8i pin i_axi_pkt_chk.data_match_2_1_0_I_115_0:a[7] because all higher-significance outputs are unused
INFO: Disconnected net i_axi_pkt_chk.GND from ALU8i pin i_axi_pkt_chk.data_match_2_1_0_I_115_0:b[7] because all higher-significance outputs are unused
INFO: Disconnected net i_axi_pkt_chk.GND from ALU8i pin i_axi_pkt_chk.data_match_2_0_0_I_115_0:a[7] because all higher-significance outputs are unused
INFO: Disconnected net i_axi_pkt_chk.GND from ALU8i pin i_axi_pkt_chk.data_match_2_0_0_I_115_0:b[7] because all higher-significance outputs are unused
INFO: Disconnected net i_axi_pkt_gen.i_addr_gen.GND from ALU8i pin i_axi_pkt_gen.i_addr_gen.dout_int_cry_0_8_:a[7] because all higher-significance outputs are unused
INFO: Disconnected net i_axi_pkt_gen.i_addr_gen.GND from ALU8i pin i_axi_pkt_gen.i_addr_gen.dout_int_cry_0_8_:b[7] because all higher-significance outputs are unused
INFO: Disconnected net i_axi_pkt_gen.i_addr_gen.GND from ALU8i pin i_axi_pkt_gen.i_addr_gen.dout_int_cry_0_8_:a[6] because all higher-significance outputs are unused
INFO: Disconnected net i_axi_pkt_gen.i_addr_gen.GND from ALU8i pin i_axi_pkt_gen.i_addr_gen.dout_int_cry_0_8_:b[6] because all higher-significance outputs are unused
INFO: Disconnected net i_axi_pkt_gen.i_addr_gen.GND from ALU8i pin i_axi_pkt_gen.i_addr_gen.dout_int_cry_0_8_:a[5] because all higher-significance outputs are unused
INFO: Disconnected net i_axi_pkt_gen.i_addr_gen.GND from ALU8i pin i_axi_pkt_gen.i_addr_gen.dout_int_cry_0_8_:b[5] because all higher-significance outputs are unused
INFO: Disconnected net i_axi_pkt_gen.i_addr_gen.GND from ALU8i pin i_axi_pkt_gen.i_addr_gen.dout_int_cry_0_8_:a[4] because all higher-significance outputs are unused
INFO: Disconnected net i_axi_pkt_gen.i_addr_gen.GND from ALU8i pin i_axi_pkt_gen.i_addr_gen.dout_int_cry_0_8_:b[4] because all higher-significance outputs are unused
INFO: Disconnected net i_reg_control_block.GND from ALU8i pin i_reg_control_block.reg_wr_data34_0_0:a[7] because all higher-significance outputs are unused
INFO: Disconnected net i_reg_control_block.GND from ALU8i pin i_reg_control_block.reg_wr_data34_0_0:b[7] because all higher-significance outputs are unused
INFO: Disconnected net i_reg_control_block.GND from ALU8i pin i_reg_control_block.reg_wr_data35_0_0:a[7] because all higher-significance outputs are unused
INFO: Disconnected net i_reg_control_block.GND from ALU8i pin i_reg_control_block.reg_wr_data35_0_0:b[7] because all higher-significance outputs are unused
INFO: Disconnected net i_reg_control_block.GND from ALU8i pin i_reg_control_block.reg_wr_data36_0_0:a[7] because all higher-significance outputs are unused
INFO: Disconnected net i_reg_control_block.GND from ALU8i pin i_reg_control_block.reg_wr_data36_0_0:b[7] because all higher-significance outputs are unused
INFO: Disconnected net i_reg_control_block.GND from ALU8i pin i_reg_control_block.reg_wr_data37_0_0:a[7] because all higher-significance outputs are unused
INFO: Disconnected net i_reg_control_block.GND from ALU8i pin i_reg_control_block.reg_wr_data37_0_0:b[7] because all higher-significance outputs are unused
INFO: Disconnected net i_reg_control_block.GND from ALU8i pin i_reg_control_block.reg_wr_data38_0_0:a[7] because all higher-significance outputs are unused
INFO: Disconnected net i_reg_control_block.GND from ALU8i pin i_reg_control_block.reg_wr_data38_0_0:b[7] because all higher-significance outputs are unused
INFO: Disconnected net i_reg_control_block.GND from ALU8i pin i_reg_control_block.reg_wr_data39_0_0:a[7] because all higher-significance outputs are unused
INFO: Disconnected net i_reg_control_block.GND from ALU8i pin i_reg_control_block.reg_wr_data39_0_0:b[7] because all higher-significance outputs are unused
INFO: Disconnected net i_reg_control_block.GND from ALU8i pin i_reg_control_block.reg_wr_data40_0_0:a[7] because all higher-significance outputs are unused
INFO: Disconnected net i_reg_control_block.GND from ALU8i pin i_reg_control_block.reg_wr_data40_0_0:b[7] because all higher-significance outputs are unused
INFO: Disconnected net i_reg_control_block.GND from ALU8i pin i_reg_control_block.reg_wr_data41_0_0:a[7] because all higher-significance outputs are unused
INFO: Disconnected net i_reg_control_block.GND from ALU8i pin i_reg_control_block.reg_wr_data41_0_0:b[7] because all higher-significance outputs are unused
INFO: Disconnected net i_ds_row_pkt_chk.GND from ALU8i pin i_ds_row_pkt_chk.un1_rd_data_stream_3_0_I_43fd:a[7] because all higher-significance outputs are unused
INFO: Disconnected net i_ds_row_pkt_chk.GND from ALU8i pin i_ds_row_pkt_chk.un1_rd_data_stream_3_0_I_43fd:b[7] because all higher-significance outputs are unused
INFO: Disconnected net i_ds_row_pkt_chk.GND from ALU8i pin i_ds_row_pkt_chk.un1_rd_data_stream_3_0_I_43fd:a[6] because all higher-significance outputs are unused
INFO: Disconnected net i_ds_row_pkt_chk.GND from ALU8i pin i_ds_row_pkt_chk.un1_rd_data_stream_3_0_I_43fd:b[6] because all higher-significance outputs are unused
INFO: Disconnected net i_ds_row_pkt_chk.GND from ALU8i pin i_ds_row_pkt_chk.un1_rd_data_stream_3_0_I_43fd:a[5] because all higher-significance outputs are unused
INFO: Disconnected net i_ds_row_pkt_chk.GND from ALU8i pin i_ds_row_pkt_chk.un1_rd_data_stream_3_0_I_43fd:b[5] because all higher-significance outputs are unused
INFO: Disconnected net i_ds_row_pkt_chk.GND from ALU8i pin i_ds_row_pkt_chk.un1_rd_data_stream_3_0_I_43fd:a[4] because all higher-significance outputs are unused
INFO: Disconnected net i_ds_row_pkt_chk.GND from ALU8i pin i_ds_row_pkt_chk.un1_rd_data_stream_3_0_I_43fd:b[4] because all higher-significance outputs are unused
INFO: Disconnected net i_ds_row_pkt_chk.GND from ALU8i pin i_ds_row_pkt_chk.un1_rd_data_stream_3_0_I_43fd:a[3] because all higher-significance outputs are unused
INFO: Disconnected net i_ds_row_pkt_chk.GND from ALU8i pin i_ds_row_pkt_chk.un1_rd_data_stream_3_0_I_43fd:b[3] because all higher-significance outputs are unused
INFO: Disconnected net i_ds_row_pkt_chk.GND from ALU8i pin i_ds_row_pkt_chk.un1_rd_data_stream_3_0_I_43fd:a[2] because all higher-significance outputs are unused
INFO: Disconnected net i_ds_row_pkt_chk.GND from ALU8i pin i_ds_row_pkt_chk.un1_rd_data_stream_3_0_I_43fd:b[2] because all higher-significance outputs are unused
INFO: Disconnected net i_ds_row_pkt_chk.GND from ALU8i pin i_ds_row_pkt_chk.un1_rd_data_stream_3_0_I_43fd:a[1] because all higher-significance outputs are unused
INFO: Disconnected net i_ds_row_pkt_chk.GND from ALU8i pin i_ds_row_pkt_chk.un1_rd_data_stream_3_0_I_43fd:b[1] because all higher-significance outputs are unused
INFO: Disconnected net i_ds_row_pkt_chk.GND from ALU8i pin i_ds_row_pkt_chk.un1_rd_data_stream_1_0_I_43fd:a[7] because all higher-significance outputs are unused
INFO: Disconnected net i_ds_row_pkt_chk.GND from ALU8i pin i_ds_row_pkt_chk.un1_rd_data_stream_1_0_I_43fd:b[7] because all higher-significance outputs are unused
INFO: Disconnected net i_ds_row_pkt_chk.GND from ALU8i pin i_ds_row_pkt_chk.un1_rd_data_stream_1_0_I_43fd:a[6] because all higher-significance outputs are unused
INFO: Disconnected net i_ds_row_pkt_chk.GND from ALU8i pin i_ds_row_pkt_chk.un1_rd_data_stream_1_0_I_43fd:b[6] because all higher-significance outputs are unused
INFO: Disconnected net i_ds_row_pkt_chk.GND from ALU8i pin i_ds_row_pkt_chk.un1_rd_data_stream_1_0_I_43fd:a[5] because all higher-significance outputs are unused
INFO: Disconnected net i_ds_row_pkt_chk.GND from ALU8i pin i_ds_row_pkt_chk.un1_rd_data_stream_1_0_I_43fd:b[5] because all higher-significance outputs are unused
INFO: Disconnected net i_ds_row_pkt_chk.GND from ALU8i pin i_ds_row_pkt_chk.un1_rd_data_stream_1_0_I_43fd:a[4] because all higher-significance outputs are unused
INFO: Disconnected net i_ds_row_pkt_chk.GND from ALU8i pin i_ds_row_pkt_chk.un1_rd_data_stream_1_0_I_43fd:b[4] because all higher-significance outputs are unused
INFO: Disconnected net i_ds_row_pkt_chk.GND from ALU8i pin i_ds_row_pkt_chk.un1_rd_data_stream_1_0_I_43fd:a[3] because all higher-significance outputs are unused
INFO: Disconnected net i_ds_row_pkt_chk.GND from ALU8i pin i_ds_row_pkt_chk.un1_rd_data_stream_1_0_I_43fd:b[3] because all higher-significance outputs are unused
INFO: Disconnected net i_ds_row_pkt_chk.GND from ALU8i pin i_ds_row_pkt_chk.un1_rd_data_stream_1_0_I_43fd:a[2] because all higher-significance outputs are unused
INFO: Disconnected net i_ds_row_pkt_chk.GND from ALU8i pin i_ds_row_pkt_chk.un1_rd_data_stream_1_0_I_43fd:b[2] because all higher-significance outputs are unused
INFO: Disconnected net i_ds_row_pkt_chk.GND from ALU8i pin i_ds_row_pkt_chk.un1_rd_data_stream_1_0_I_43fd:a[1] because all higher-significance outputs are unused
INFO: Disconnected net i_ds_row_pkt_chk.GND from ALU8i pin i_ds_row_pkt_chk.un1_rd_data_stream_1_0_I_43fd:b[1] because all higher-significance outputs are unused
INFO: Disconnected net i_ds_row_pkt_chk.GND from ALU8i pin i_ds_row_pkt_chk.un1_rd_data_stream_2_0_I_43fd:a[7] because all higher-significance outputs are unused
INFO: Disconnected net i_ds_row_pkt_chk.GND from ALU8i pin i_ds_row_pkt_chk.un1_rd_data_stream_2_0_I_43fd:b[7] because all higher-significance outputs are unused
INFO: Disconnected net i_ds_row_pkt_chk.GND from ALU8i pin i_ds_row_pkt_chk.un1_rd_data_stream_2_0_I_43fd:a[6] because all higher-significance outputs are unused
INFO: Disconnected net i_ds_row_pkt_chk.GND from ALU8i pin i_ds_row_pkt_chk.un1_rd_data_stream_2_0_I_43fd:b[6] because all higher-significance outputs are unused
INFO: Disconnected net i_ds_row_pkt_chk.GND from ALU8i pin i_ds_row_pkt_chk.un1_rd_data_stream_2_0_I_43fd:a[5] because all higher-significance outputs are unused
INFO: Disconnected net i_ds_row_pkt_chk.GND from ALU8i pin i_ds_row_pkt_chk.un1_rd_data_stream_2_0_I_43fd:b[5] because all higher-significance outputs are unused
INFO: Disconnected net i_ds_row_pkt_chk.GND from ALU8i pin i_ds_row_pkt_chk.un1_rd_data_stream_2_0_I_43fd:a[4] because all higher-significance outputs are unused
INFO: Disconnected net i_ds_row_pkt_chk.GND from ALU8i pin i_ds_row_pkt_chk.un1_rd_data_stream_2_0_I_43fd:b[4] because all higher-significance outputs are unused
INFO: Disconnected net i_ds_row_pkt_chk.GND from ALU8i pin i_ds_row_pkt_chk.un1_rd_data_stream_2_0_I_43fd:a[3] because all higher-significance outputs are unused
INFO: Disconnected net i_ds_row_pkt_chk.GND from ALU8i pin i_ds_row_pkt_chk.un1_rd_data_stream_2_0_I_43fd:b[3] because all higher-significance outputs are unused
INFO: Disconnected net i_ds_row_pkt_chk.GND from ALU8i pin i_ds_row_pkt_chk.un1_rd_data_stream_2_0_I_43fd:a[2] because all higher-significance outputs are unused
INFO: Disconnected net i_ds_row_pkt_chk.GND from ALU8i pin i_ds_row_pkt_chk.un1_rd_data_stream_2_0_I_43fd:b[2] because all higher-significance outputs are unused
INFO: Disconnected net i_ds_row_pkt_chk.GND from ALU8i pin i_ds_row_pkt_chk.un1_rd_data_stream_2_0_I_43fd:a[1] because all higher-significance outputs are unused
INFO: Disconnected net i_ds_row_pkt_chk.GND from ALU8i pin i_ds_row_pkt_chk.un1_rd_data_stream_2_0_I_43fd:b[1] because all higher-significance outputs are unused
INFO: Disconnected net i_ds_row_pkt_chk.GND from ALU8i pin i_ds_row_pkt_chk.un1_rd_data_stream_0_0_I_43fd:a[7] because all higher-significance outputs are unused
INFO: Disconnected net i_ds_row_pkt_chk.GND from ALU8i pin i_ds_row_pkt_chk.un1_rd_data_stream_0_0_I_43fd:b[7] because all higher-significance outputs are unused
INFO: Disconnected net i_ds_row_pkt_chk.GND from ALU8i pin i_ds_row_pkt_chk.un1_rd_data_stream_0_0_I_43fd:a[6] because all higher-significance outputs are unused
INFO: Disconnected net i_ds_row_pkt_chk.GND from ALU8i pin i_ds_row_pkt_chk.un1_rd_data_stream_0_0_I_43fd:b[6] because all higher-significance outputs are unused
INFO: Disconnected net i_ds_row_pkt_chk.GND from ALU8i pin i_ds_row_pkt_chk.un1_rd_data_stream_0_0_I_43fd:a[5] because all higher-significance outputs are unused
INFO: Disconnected net i_ds_row_pkt_chk.GND from ALU8i pin i_ds_row_pkt_chk.un1_rd_data_stream_0_0_I_43fd:b[5] because all higher-significance outputs are unused
INFO: Disconnected net i_ds_row_pkt_chk.GND from ALU8i pin i_ds_row_pkt_chk.un1_rd_data_stream_0_0_I_43fd:a[4] because all higher-significance outputs are unused
INFO: Disconnected net i_ds_row_pkt_chk.GND from ALU8i pin i_ds_row_pkt_chk.un1_rd_data_stream_0_0_I_43fd:b[4] because all higher-significance outputs are unused
INFO: Disconnected net i_ds_row_pkt_chk.GND from ALU8i pin i_ds_row_pkt_chk.un1_rd_data_stream_0_0_I_43fd:a[3] because all higher-significance outputs are unused
INFO: Disconnected net i_ds_row_pkt_chk.GND from ALU8i pin i_ds_row_pkt_chk.un1_rd_data_stream_0_0_I_43fd:b[3] because all higher-significance outputs are unused
INFO: Disconnected net i_ds_row_pkt_chk.GND from ALU8i pin i_ds_row_pkt_chk.un1_rd_data_stream_0_0_I_43fd:a[2] because all higher-significance outputs are unused
INFO: Disconnected net i_ds_row_pkt_chk.GND from ALU8i pin i_ds_row_pkt_chk.un1_rd_data_stream_0_0_I_43fd:b[2] because all higher-significance outputs are unused
INFO: Disconnected net i_ds_row_pkt_chk.GND from ALU8i pin i_ds_row_pkt_chk.un1_rd_data_stream_0_0_I_43fd:a[1] because all higher-significance outputs are unused
INFO: Disconnected net i_ds_row_pkt_chk.GND from ALU8i pin i_ds_row_pkt_chk.un1_rd_data_stream_0_0_I_43fd:b[1] because all higher-significance outputs are unused
INFO: Disconnected net i_ds_col_pkt_chk.GND from ALU8i pin i_ds_col_pkt_chk.un1_rd_data_stream_3_0_I_99fd:a[7] because all higher-significance outputs are unused
INFO: Disconnected net i_ds_col_pkt_chk.GND from ALU8i pin i_ds_col_pkt_chk.un1_rd_data_stream_3_0_I_99fd:b[7] because all higher-significance outputs are unused
INFO: Disconnected net i_ds_col_pkt_chk.GND from ALU8i pin i_ds_col_pkt_chk.un1_rd_data_stream_3_0_I_99fd:a[6] because all higher-significance outputs are unused
INFO: Disconnected net i_ds_col_pkt_chk.GND from ALU8i pin i_ds_col_pkt_chk.un1_rd_data_stream_3_0_I_99fd:b[6] because all higher-significance outputs are unused
INFO: Disconnected net i_ds_col_pkt_chk.GND from ALU8i pin i_ds_col_pkt_chk.un1_rd_data_stream_3_0_I_99fd:a[5] because all higher-significance outputs are unused
INFO: Disconnected net i_ds_col_pkt_chk.GND from ALU8i pin i_ds_col_pkt_chk.un1_rd_data_stream_3_0_I_99fd:b[5] because all higher-significance outputs are unused
INFO: Disconnected net i_ds_col_pkt_chk.GND from ALU8i pin i_ds_col_pkt_chk.un1_rd_data_stream_3_0_I_99fd:a[4] because all higher-significance outputs are unused
INFO: Disconnected net i_ds_col_pkt_chk.GND from ALU8i pin i_ds_col_pkt_chk.un1_rd_data_stream_3_0_I_99fd:b[4] because all higher-significance outputs are unused
INFO: Disconnected net i_ds_col_pkt_chk.GND from ALU8i pin i_ds_col_pkt_chk.un1_rd_data_stream_3_0_I_99fd:a[3] because all higher-significance outputs are unused
INFO: Disconnected net i_ds_col_pkt_chk.GND from ALU8i pin i_ds_col_pkt_chk.un1_rd_data_stream_3_0_I_99fd:b[3] because all higher-significance outputs are unused
INFO: Disconnected net i_ds_col_pkt_chk.GND from ALU8i pin i_ds_col_pkt_chk.un1_rd_data_stream_3_0_I_99fd:a[2] because all higher-significance outputs are unused
INFO: Disconnected net i_ds_col_pkt_chk.GND from ALU8i pin i_ds_col_pkt_chk.un1_rd_data_stream_3_0_I_99fd:b[2] because all higher-significance outputs are unused
INFO: Disconnected net i_ds_col_pkt_chk.GND from ALU8i pin i_ds_col_pkt_chk.un1_rd_data_stream_3_0_I_99fd:a[1] because all higher-significance outputs are unused
INFO: Disconnected net i_ds_col_pkt_chk.GND from ALU8i pin i_ds_col_pkt_chk.un1_rd_data_stream_3_0_I_99fd:b[1] because all higher-significance outputs are unused
INFO: Disconnected net i_ds_col_pkt_chk.GND from ALU8i pin i_ds_col_pkt_chk.un1_rd_data_stream_2_0_I_195_0:a[7] because all higher-significance outputs are unused
INFO: Disconnected net i_ds_col_pkt_chk.GND from ALU8i pin i_ds_col_pkt_chk.un1_rd_data_stream_2_0_I_195_0:b[7] because all higher-significance outputs are unused
INFO: Disconnected net i_ds_col_pkt_chk.GND from ALU8i pin i_ds_col_pkt_chk.un1_rd_data_stream_2_0_I_195_0:a[6] because all higher-significance outputs are unused
INFO: Disconnected net i_ds_col_pkt_chk.GND from ALU8i pin i_ds_col_pkt_chk.un1_rd_data_stream_2_0_I_195_0:b[6] because all higher-significance outputs are unused
INFO: Disconnected net i_ds_col_pkt_chk.GND from ALU8i pin i_ds_col_pkt_chk.un1_rd_data_stream_2_0_I_195_0:a[5] because all higher-significance outputs are unused
INFO: Disconnected net i_ds_col_pkt_chk.GND from ALU8i pin i_ds_col_pkt_chk.un1_rd_data_stream_2_0_I_195_0:b[5] because all higher-significance outputs are unused
INFO: Disconnected net i_ds_col_pkt_chk.GND from ALU8i pin i_ds_col_pkt_chk.un1_rd_data_stream_2_0_I_195_0:a[4] because all higher-significance outputs are unused
INFO: Disconnected net i_ds_col_pkt_chk.GND from ALU8i pin i_ds_col_pkt_chk.un1_rd_data_stream_2_0_I_195_0:b[4] because all higher-significance outputs are unused
INFO: Disconnected net i_ds_col_pkt_chk.GND from ALU8i pin i_ds_col_pkt_chk.un1_rd_data_stream_2_0_I_195_0:a[3] because all higher-significance outputs are unused
INFO: Disconnected net i_ds_col_pkt_chk.GND from ALU8i pin i_ds_col_pkt_chk.un1_rd_data_stream_2_0_I_195_0:b[3] because all higher-significance outputs are unused
INFO: Disconnected net i_ds_col_pkt_chk.GND from ALU8i pin i_ds_col_pkt_chk.un1_rd_data_stream_2_0_I_195_0:a[2] because all higher-significance outputs are unused
INFO: Disconnected net i_ds_col_pkt_chk.GND from ALU8i pin i_ds_col_pkt_chk.un1_rd_data_stream_2_0_I_195_0:b[2] because all higher-significance outputs are unused
INFO: Disconnected net i_ds_col_pkt_chk.GND from ALU8i pin i_ds_col_pkt_chk.un1_rd_data_stream_1_0_I_195_0:a[7] because all higher-significance outputs are unused
INFO: Disconnected net i_ds_col_pkt_chk.GND from ALU8i pin i_ds_col_pkt_chk.un1_rd_data_stream_1_0_I_195_0:b[7] because all higher-significance outputs are unused
INFO: Disconnected net i_ds_col_pkt_chk.GND from ALU8i pin i_ds_col_pkt_chk.un1_rd_data_stream_1_0_I_195_0:a[6] because all higher-significance outputs are unused
INFO: Disconnected net i_ds_col_pkt_chk.GND from ALU8i pin i_ds_col_pkt_chk.un1_rd_data_stream_1_0_I_195_0:b[6] because all higher-significance outputs are unused
INFO: Disconnected net i_ds_col_pkt_chk.GND from ALU8i pin i_ds_col_pkt_chk.un1_rd_data_stream_1_0_I_195_0:a[5] because all higher-significance outputs are unused
INFO: Disconnected net i_ds_col_pkt_chk.GND from ALU8i pin i_ds_col_pkt_chk.un1_rd_data_stream_1_0_I_195_0:b[5] because all higher-significance outputs are unused
INFO: Disconnected net i_ds_col_pkt_chk.GND from ALU8i pin i_ds_col_pkt_chk.un1_rd_data_stream_1_0_I_195_0:a[4] because all higher-significance outputs are unused
INFO: Disconnected net i_ds_col_pkt_chk.GND from ALU8i pin i_ds_col_pkt_chk.un1_rd_data_stream_1_0_I_195_0:b[4] because all higher-significance outputs are unused
INFO: Disconnected net i_ds_col_pkt_chk.GND from ALU8i pin i_ds_col_pkt_chk.un1_rd_data_stream_1_0_I_195_0:a[3] because all higher-significance outputs are unused
INFO: Disconnected net i_ds_col_pkt_chk.GND from ALU8i pin i_ds_col_pkt_chk.un1_rd_data_stream_1_0_I_195_0:b[3] because all higher-significance outputs are unused
INFO: Disconnected net i_ds_col_pkt_chk.GND from ALU8i pin i_ds_col_pkt_chk.un1_rd_data_stream_1_0_I_195_0:a[2] because all higher-significance outputs are unused
INFO: Disconnected net i_ds_col_pkt_chk.GND from ALU8i pin i_ds_col_pkt_chk.un1_rd_data_stream_1_0_I_195_0:b[2] because all higher-significance outputs are unused
INFO: Disconnected net i_ds_col_pkt_chk.GND from ALU8i pin i_ds_col_pkt_chk.un1_rd_data_stream_0_0_I_195_0:a[7] because all higher-significance outputs are unused
INFO: Disconnected net i_ds_col_pkt_chk.GND from ALU8i pin i_ds_col_pkt_chk.un1_rd_data_stream_0_0_I_195_0:b[7] because all higher-significance outputs are unused
INFO: Disconnected net i_ds_col_pkt_chk.GND from ALU8i pin i_ds_col_pkt_chk.un1_rd_data_stream_0_0_I_195_0:a[6] because all higher-significance outputs are unused
INFO: Disconnected net i_ds_col_pkt_chk.GND from ALU8i pin i_ds_col_pkt_chk.un1_rd_data_stream_0_0_I_195_0:b[6] because all higher-significance outputs are unused
INFO: Disconnected net i_ds_col_pkt_chk.GND from ALU8i pin i_ds_col_pkt_chk.un1_rd_data_stream_0_0_I_195_0:a[5] because all higher-significance outputs are unused
INFO: Disconnected net i_ds_col_pkt_chk.GND from ALU8i pin i_ds_col_pkt_chk.un1_rd_data_stream_0_0_I_195_0:b[5] because all higher-significance outputs are unused
INFO: Disconnected net i_ds_col_pkt_chk.GND from ALU8i pin i_ds_col_pkt_chk.un1_rd_data_stream_0_0_I_195_0:a[4] because all higher-significance outputs are unused
INFO: Disconnected net i_ds_col_pkt_chk.GND from ALU8i pin i_ds_col_pkt_chk.un1_rd_data_stream_0_0_I_195_0:b[4] because all higher-significance outputs are unused
INFO: Disconnected net i_ds_col_pkt_chk.GND from ALU8i pin i_ds_col_pkt_chk.un1_rd_data_stream_0_0_I_195_0:a[3] because all higher-significance outputs are unused
INFO: Disconnected net i_ds_col_pkt_chk.GND from ALU8i pin i_ds_col_pkt_chk.un1_rd_data_stream_0_0_I_195_0:b[3] because all higher-significance outputs are unused
INFO: Disconnected net i_ds_col_pkt_chk.GND from ALU8i pin i_ds_col_pkt_chk.un1_rd_data_stream_0_0_I_195_0:a[2] because all higher-significance outputs are unused
INFO: Disconnected net i_ds_col_pkt_chk.GND from ALU8i pin i_ds_col_pkt_chk.un1_rd_data_stream_0_0_I_195_0:b[2] because all higher-significance outputs are unused
INFO: Disconnected net i_axi_bram_rsp.GND from ALU8i pin i_axi_bram_rsp.xact_ar_addr_4_0_cry_7_0:a[7] because all higher-significance outputs are unused
INFO: Disconnected net i_axi_bram_rsp.GND from ALU8i pin i_axi_bram_rsp.xact_ar_addr_4_0_cry_7_0:b[7] because all higher-significance outputs are unused
INFO: Disconnected net i_axi_bram_rsp.GND from ALU8i pin i_axi_bram_rsp.xact_ar_addr_4_0_cry_7_0:a[6] because all higher-significance outputs are unused
INFO: Disconnected net i_axi_bram_rsp.GND from ALU8i pin i_axi_bram_rsp.xact_ar_addr_4_0_cry_7_0:b[6] because all higher-significance outputs are unused
INFO: Disconnected net i_axi_bram_rsp.GND from ALU8i pin i_axi_bram_rsp.xact_ar_addr_4_0_cry_7_0:a[5] because all higher-significance outputs are unused
INFO: Disconnected net i_axi_bram_rsp.GND from ALU8i pin i_axi_bram_rsp.xact_ar_addr_4_0_cry_7_0:b[5] because all higher-significance outputs are unused
INFO: Disconnected net i_axi_bram_rsp.GND from ALU8i pin i_axi_bram_rsp.xact_ar_addr_4_0_cry_7_0:a[4] because all higher-significance outputs are unused
INFO: Disconnected net i_axi_bram_rsp.GND from ALU8i pin i_axi_bram_rsp.xact_ar_addr_4_0_cry_7_0:b[4] because all higher-significance outputs are unused
INFO: Disconnected net i_axi_bram_rsp.GND from ALU8i pin i_axi_bram_rsp.xact_ar_addr_4_0_cry_7_0:a[3] because all higher-significance outputs are unused
INFO: Disconnected net i_axi_bram_rsp.GND from ALU8i pin i_axi_bram_rsp.xact_ar_addr_4_0_cry_7_0:b[3] because all higher-significance outputs are unused
INFO: Disconnected net i_axi_bram_rsp.GND from ALU8i pin i_axi_bram_rsp.xact_ar_addr_4_0_cry_7_0:a[2] because all higher-significance outputs are unused
INFO: Disconnected net i_axi_bram_rsp.GND from ALU8i pin i_axi_bram_rsp.xact_ar_addr_4_0_cry_7_0:b[2] because all higher-significance outputs are unused
INFO: Disconnected net i_axi_bram_rsp.GND from ALU8i pin i_axi_bram_rsp.xact_aw_addr_4_0_cry_7_0:a[7] because all higher-significance outputs are unused
INFO: Disconnected net i_axi_bram_rsp.GND from ALU8i pin i_axi_bram_rsp.xact_aw_addr_4_0_cry_7_0:b[7] because all higher-significance outputs are unused
INFO: Disconnected net i_axi_bram_rsp.GND from ALU8i pin i_axi_bram_rsp.xact_aw_addr_4_0_cry_7_0:a[6] because all higher-significance outputs are unused
INFO: Disconnected net i_axi_bram_rsp.GND from ALU8i pin i_axi_bram_rsp.xact_aw_addr_4_0_cry_7_0:b[6] because all higher-significance outputs are unused
INFO: Disconnected net i_axi_bram_rsp.GND from ALU8i pin i_axi_bram_rsp.xact_aw_addr_4_0_cry_7_0:a[5] because all higher-significance outputs are unused
INFO: Disconnected net i_axi_bram_rsp.GND from ALU8i pin i_axi_bram_rsp.xact_aw_addr_4_0_cry_7_0:b[5] because all higher-significance outputs are unused
INFO: Disconnected net i_axi_bram_rsp.GND from ALU8i pin i_axi_bram_rsp.xact_aw_addr_4_0_cry_7_0:a[4] because all higher-significance outputs are unused
INFO: Disconnected net i_axi_bram_rsp.GND from ALU8i pin i_axi_bram_rsp.xact_aw_addr_4_0_cry_7_0:b[4] because all higher-significance outputs are unused
INFO: Disconnected net i_axi_bram_rsp.GND from ALU8i pin i_axi_bram_rsp.xact_aw_addr_4_0_cry_7_0:a[3] because all higher-significance outputs are unused
INFO: Disconnected net i_axi_bram_rsp.GND from ALU8i pin i_axi_bram_rsp.xact_aw_addr_4_0_cry_7_0:b[3] because all higher-significance outputs are unused
INFO: Disconnected net i_axi_bram_rsp.GND from ALU8i pin i_axi_bram_rsp.xact_aw_addr_4_0_cry_7_0:a[2] because all higher-significance outputs are unused
INFO: Disconnected net i_axi_bram_rsp.GND from ALU8i pin i_axi_bram_rsp.xact_aw_addr_4_0_cry_7_0:b[2] because all higher-significance outputs are unused
INFO: Disconnected net GND from ALU8i pin test_gen_count_4_0_cry_8_1:a[7] because all higher-significance outputs are unused
INFO: Disconnected net GND from ALU8i pin test_gen_count_4_0_cry_8_1:b[7] because all higher-significance outputs are unused
INFO: Disconnected net GND from ALU8i pin test_gen_count_4_0_cry_8_1:a[6] because all higher-significance outputs are unused
INFO: Disconnected net GND from ALU8i pin test_gen_count_4_0_cry_8_1:b[6] because all higher-significance outputs are unused
INFO: Disconnected net GND from ALU8i pin test_gen_count_4_0_cry_8_1:a[5] because all higher-significance outputs are unused
INFO: Disconnected net GND from ALU8i pin test_gen_count_4_0_cry_8_1:b[5] because all higher-significance outputs are unused
INFO: Disconnected net GND from ALU8i pin continuous_test_q_2_0_0:a[7] because all higher-significance outputs are unused
INFO: Disconnected net GND from ALU8i pin continuous_test_q_2_0_0:b[7] because all higher-significance outputs are unused
