/eda/synpro/fpga/R-2021.03X/bin/c_hdl  -osyn  /mnt/d/Achronix/reference_design/noc_fpga_ref_design/Speedster7t_MLP_ref_designs_RD26/mlp_conv2d/src/syn/rev_1/synwork/mlp_conv2d_top_comp.srs  -top  mlp_conv2d_top  -hdllog  /mnt/d/Achronix/reference_design/noc_fpga_ref_design/Speedster7t_MLP_ref_designs_RD26/mlp_conv2d/src/syn/rev_1/synlog/mlp_conv2d_top_compiler.srr  -encrypt  -mp  4  -verification_mode 0 -rtl_xmr_naming  -verilog  -prodtype  synplify_pro  -primux -infer_seqShift -fixsmult -sdff_counter  -dspmac -nram -divnmod -pqdpadd -nostructver  -achronix   -I /mnt/d/Achronix/reference_design/noc_fpga_ref_design/Speedster7t_MLP_ref_designs_RD26/mlp_conv2d/src/include  -I /eda/ace/libraries  -I /mnt/d/Achronix/reference_design/noc_fpga_ref_design/Speedster7t_MLP_ref_designs_RD26/mlp_conv2d/src/syn/  -I /eda/synpro/fpga/R-2021.03X/lib   -sysv  -devicelib  /eda/synpro/fpga/R-2021.03X/lib/generic/speedster7t.v  -encrypt  -pro  -params  /mnt/d/Achronix/reference_design/noc_fpga_ref_design/Speedster7t_MLP_ref_designs_RD26/mlp_conv2d/src/syn/rev_1/syntmp/hdlparams.dat  -dmgen  /mnt/d/Achronix/reference_design/noc_fpga_ref_design/Speedster7t_MLP_ref_designs_RD26/mlp_conv2d/src/syn/rev_1/dm  -ui -fid2 -ram -sharing on -ll 2000 -autosm  -D_MULTIPLE_FILE_COMPILATION_UNIT_  -dc_root  /eda/dc2016  -lib work -fsysv /eda/ace/libraries/device_models/AC7t1500ES0_synplify.sv -lib work /mnt/d/Achronix/reference_design/noc_fpga_ref_design/Speedster7t_MLP_ref_designs_RD26/mlp_conv2d/src/rtl/default_nettype.v -lib work -fsysv /mnt/d/Achronix/reference_design/noc_fpga_ref_design/Speedster7t_MLP_ref_designs_RD26/mlp_conv2d/src/rtl/mlp_wrapper_multi.sv -lib work -fsysv /mnt/d/Achronix/reference_design/noc_fpga_ref_design/Speedster7t_MLP_ref_designs_RD26/mlp_conv2d/src/rtl/dot_product_16_8x8_multi.sv -lib work -fsysv /mnt/d/Achronix/reference_design/noc_fpga_ref_design/Speedster7t_MLP_ref_designs_RD26/mlp_conv2d/src/rtl/nap_slave_wrapper.sv -lib work -fsysv /mnt/d/Achronix/reference_design/noc_fpga_ref_design/Speedster7t_MLP_ref_designs_RD26/mlp_conv2d/src/rtl/dataflow_control.sv -lib work -fsysv /mnt/d/Achronix/reference_design/noc_fpga_ref_design/Speedster7t_MLP_ref_designs_RD26/mlp_conv2d/src/rtl/line_fifo.sv -lib work -fsysv /mnt/d/Achronix/reference_design/noc_fpga_ref_design/Speedster7t_MLP_ref_designs_RD26/mlp_conv2d/src/rtl/out_fifo.sv -lib work -fsysv /mnt/d/Achronix/reference_design/noc_fpga_ref_design/Speedster7t_MLP_ref_designs_RD26/mlp_conv2d/src/rtl/reset_processor.sv -lib work -fsysv /mnt/d/Achronix/reference_design/noc_fpga_ref_design/Speedster7t_MLP_ref_designs_RD26/mlp_conv2d/src/rtl/mlp_conv2d_top.sv  -jobname  "compiler" 
relcom:/eda/synpro/fpga/R-2021.03X/bin/c_hdl -osyn ../synwork/mlp_conv2d_top_comp.srs -top mlp_conv2d_top -hdllog ../synlog/mlp_conv2d_top_compiler.srr -encrypt -mp 4 -verification_mode 0 -rtl_xmr_naming -verilog -prodtype synplify_pro -primux -infer_seqShift -fixsmult -sdff_counter -dspmac -nram -divnmod -pqdpadd -nostructver -achronix -I ../../../include -I /eda/ace/libraries -I ../../ -I /eda/synpro/fpga/R-2021.03X/lib -sysv -devicelib /eda/synpro/fpga/R-2021.03X/lib/generic/speedster7t.v -encrypt -pro -params hdlparams.dat -dmgen ../dm -ui -fid2 -ram -sharing on -ll 2000 -autosm -D_MULTIPLE_FILE_COMPILATION_UNIT_ -dc_root /eda/dc2016 -lib work -fsysv /eda/ace/libraries/device_models/AC7t1500ES0_synplify.sv -lib work ../../../rtl/default_nettype.v -lib work -fsysv ../../../rtl/mlp_wrapper_multi.sv -lib work -fsysv ../../../rtl/dot_product_16_8x8_multi.sv -lib work -fsysv ../../../rtl/nap_slave_wrapper.sv -lib work -fsysv ../../../rtl/dataflow_control.sv -lib work -fsysv ../../../rtl/line_fifo.sv -lib work -fsysv ../../../rtl/out_fifo.sv -lib work -fsysv ../../../rtl/reset_processor.sv -lib work -fsysv ../../../rtl/mlp_conv2d_top.sv -jobname "compiler"
rc:0 success:1 runtime:2
file:../synwork/mlp_conv2d_top_comp.srs|io:o|time:1657607904|size:553138|exec:0|csum:
file:../synlog/mlp_conv2d_top_compiler.srr|io:o|time:1657697708|size:1606476|exec:0|csum:
file:/eda/synpro/fpga/R-2021.03X/lib/generic/speedster7t.v|io:i|time:1632938142|size:125444|exec:0|csum:D00EB231BA4747C102DF0E4D840FFECA
file:hdlparams.dat|io:i|time:1657607897|size:39|exec:0|csum:1A7934950D0378182D080BF9C1F498DE
file:/eda/dc2016|io:o|time:1461053986|size:4096|exec:0|csum:
file:./-fsysv|io:i|time:0|size:-1|exec:0|csum:
file:/eda/ace/libraries/device_models/AC7t1500ES0_synplify.sv|io:i|time:1647540430|size:2230|exec:0|csum:0FD2384D28C422C44B28AB439B0EFDEA
file:../../../rtl/default_nettype.v|io:i|time:1611321168|size:944|exec:0|csum:47B2019201A01DFA8195EEA79F5251DD
file:./-fsysv|io:i|time:0|size:-1|exec:0|csum:
file:../../../rtl/mlp_wrapper_multi.sv|io:i|time:1611321168|size:2884|exec:0|csum:7880523CEF47CFE53271135465C4789F
file:./-fsysv|io:i|time:0|size:-1|exec:0|csum:
file:../../../rtl/dot_product_16_8x8_multi.sv|io:i|time:1611321168|size:29478|exec:0|csum:2DC28F86C989C6AF6ECB1E74A6ABBC3D
file:./-fsysv|io:i|time:0|size:-1|exec:0|csum:
file:../../../rtl/nap_slave_wrapper.sv|io:i|time:1611321168|size:2802|exec:0|csum:194608B12856053968C4490DF2C4C2B5
file:./-fsysv|io:i|time:0|size:-1|exec:0|csum:
file:../../../rtl/dataflow_control.sv|io:i|time:1611321168|size:23472|exec:0|csum:246DA9266A0F9662D8F148099D07D327
file:./-fsysv|io:i|time:0|size:-1|exec:0|csum:
file:../../../rtl/line_fifo.sv|io:i|time:1611321168|size:4192|exec:0|csum:25F7D87E90976AF8881C0617F4693EBF
file:./-fsysv|io:i|time:0|size:-1|exec:0|csum:
file:../../../rtl/out_fifo.sv|io:i|time:1611321168|size:11444|exec:0|csum:179DE266B2EC00A298403D4481F32148
file:./-fsysv|io:i|time:0|size:-1|exec:0|csum:
file:../../../rtl/reset_processor.sv|io:i|time:1611321168|size:2407|exec:0|csum:9C15B4AB52BCF192023505E890E74372
file:./-fsysv|io:i|time:0|size:-1|exec:0|csum:
file:../../../rtl/mlp_conv2d_top.sv|io:i|time:1611321168|size:11956|exec:0|csum:9C908796D84667BFC54F0236D0C58255
file:/eda/synpro/fpga/R-2021.03X/linux_a_64/c_hdl|io:i|time:1633021222|size:8782216|exec:1|csum:036CCF80E41A005CA0D22832BA63A868
file:/eda/synpro/fpga/R-2021.03X/bin/c_hdl|io:i|time:1633021075|size:367|exec:1|csum:E52A0D56112AD6C22F02B648B6F508CE
